2016/08/16 16:39:36 [localhost-startStop-1] INFO  o.s.web.context.ContextLoader - Root WebApplicationContext: initialization started
2016/08/16 16:39:36 [localhost-startStop-1] INFO  o.s.w.c.s.XmlWebApplicationContext - Refreshing Root WebApplicationContext: startup date [Tue Aug 16 16:39:36 PDT 2016]; root of context hierarchy
2016/08/16 16:39:36 [localhost-startStop-1] INFO  o.s.b.f.xml.XmlBeanDefinitionReader - Loading XML bean definitions from ServletContext resource [/WEB-INF/spring/root-context.xml]
2016/08/16 16:39:36 [localhost-startStop-1] INFO  o.s.web.context.ContextLoader - Root WebApplicationContext: initialization completed in 514 ms
2016/08/16 16:39:36 [localhost-startStop-1] INFO  o.s.web.servlet.DispatcherServlet - FrameworkServlet 'appServlet': initialization started
2016/08/16 16:39:36 [localhost-startStop-1] INFO  o.s.w.c.s.XmlWebApplicationContext - Refreshing WebApplicationContext for namespace 'appServlet-servlet': startup date [Tue Aug 16 16:39:36 PDT 2016]; parent: Root WebApplicationContext
2016/08/16 16:39:36 [localhost-startStop-1] INFO  o.s.b.f.xml.XmlBeanDefinitionReader - Loading XML bean definitions from ServletContext resource [/WEB-INF/spring/appServlet/servlet-context.xml]
2016/08/16 16:39:37 [localhost-startStop-1] INFO  o.s.b.f.xml.XmlBeanDefinitionReader - Loading XML bean definitions from ServletContext resource [/WEB-INF/spring/appServlet/controllers.xml]
2016/08/16 16:39:37 [localhost-startStop-1] INFO  o.s.b.f.xml.XmlBeanDefinitionReader - Loading XML bean definitions from ServletContext resource [/WEB-INF/spring/appServlet/application-context.xml]
2016/08/16 16:39:37 [localhost-startStop-1] INFO  o.s.b.f.c.PropertyPlaceholderConfigurer - Loading properties file from URL [file:resources/application.properties]
2016/08/16 16:39:37 [localhost-startStop-1] INFO  o.s.b.f.a.AutowiredAnnotationBeanPostProcessor - JSR-330 'javax.inject.Inject' annotation found and supported for autowiring
2016/08/16 16:39:38 [localhost-startStop-1] INFO  o.s.w.s.m.m.a.RequestMappingHandlerMapping - Mapped "{[/objectClasses],methods=[POST],params=[],headers=[],consumes=[],produces=[],custom=[]}" onto public java.lang.String com.spring.mvc.mini.web.ObjectClassesController.submit(org.springframework.ui.Model,java.lang.String,org.springframework.beans.support.PagedListHolder<java.util.ArrayList<com.spring.mvc.mini.pojo.ObjectClass>>,boolean,org.springframework.web.servlet.mvc.support.RedirectAttributes)
2016/08/16 16:39:38 [localhost-startStop-1] INFO  o.s.w.s.m.m.a.RequestMappingHandlerMapping - Mapped "{[/objectClasses],methods=[GET],params=[],headers=[],consumes=[],produces=[],custom=[]}" onto public java.lang.String com.spring.mvc.mini.web.ObjectClassesController.enrichobjectClassesType(org.springframework.ui.Model,java.lang.String)
2016/08/16 16:39:38 [localhost-startStop-1] INFO  o.s.w.s.m.m.a.RequestMappingHandlerMapping - Mapped "{[/objectClasses],methods=[GET],params=[jumppage],headers=[],consumes=[],produces=[],custom=[]}" onto public java.lang.String com.spring.mvc.mini.web.ObjectClassesController.handleObjectClassPagination(org.springframework.ui.Model,java.lang.String,org.springframework.beans.support.PagedListHolder<java.util.ArrayList<com.spring.mvc.mini.pojo.ObjectClass>>)
2016/08/16 16:39:38 [localhost-startStop-1] INFO  o.s.w.s.m.m.a.RequestMappingHandlerMapping - Mapped "{[/objectClasses],methods=[GET],params=[searchcritical],headers=[],consumes=[],produces=[],custom=[]}" onto public java.lang.String com.spring.mvc.mini.web.ObjectClassesController.searchObjectClass(org.springframework.ui.Model,java.lang.String)
2016/08/16 16:39:38 [localhost-startStop-1] INFO  o.s.w.s.m.m.a.RequestMappingHandlerMapping - Mapped "{[/objectclassform],methods=[GET],params=[],headers=[],consumes=[],produces=[],custom=[]}" onto public void com.spring.mvc.mini.web.ObjectClassFormController.handleObjectClassForm(org.springframework.ui.Model,com.spring.mvc.mini.pojo.UserInfo,java.lang.String)
2016/08/16 16:39:38 [localhost-startStop-1] INFO  o.s.w.s.m.m.a.RequestMappingHandlerMapping - Mapped "{[/objectclassform],methods=[POST],params=[objclscount],headers=[],consumes=[],produces=[],custom=[]}" onto public void com.spring.mvc.mini.web.ObjectClassFormController.handleObjectClassFormWithParam(com.spring.mvc.mini.pojo.ObjectClassesType,com.spring.mvc.mini.pojo.UserInfo,java.lang.String,java.lang.String,org.springframework.ui.Model)
2016/08/16 16:39:38 [localhost-startStop-1] INFO  o.s.w.s.m.m.a.RequestMappingHandlerMapping - Mapped "{[/objectclassform],methods=[POST],params=[],headers=[],consumes=[],produces=[],custom=[]}" onto public java.lang.String com.spring.mvc.mini.web.ObjectClassFormController.handleSubmit(com.spring.mvc.mini.pojo.ObjectClassesType,com.spring.mvc.mini.pojo.UserInfo,java.lang.String,boolean,org.springframework.ui.Model,org.springframework.web.servlet.mvc.support.RedirectAttributes)
2016/08/16 16:39:38 [localhost-startStop-1] INFO  o.s.w.s.m.m.a.RequestMappingHandlerMapping - Mapped "{[/objectclassxml],methods=[GET],params=[],headers=[],consumes=[],produces=[],custom=[]}" onto public org.springframework.http.HttpEntity<[B> com.spring.mvc.mini.web.ObjectClassXmlController.getObjectClassesXml(org.springframework.ui.ModelMap,javax.servlet.http.HttpServletResponse)
2016/08/16 16:39:38 [localhost-startStop-1] INFO  o.s.w.s.m.m.a.RequestMappingHandlerMapping - Mapped "{[/requeststatus],methods=[POST],params=[],headers=[],consumes=[],produces=[],custom=[]}" onto public java.lang.String com.spring.mvc.mini.web.RequestStatusController.submit(com.spring.mvc.mini.pojo.RequestStatus,boolean,org.springframework.ui.Model,org.springframework.web.servlet.mvc.support.RedirectAttributes)
2016/08/16 16:39:38 [localhost-startStop-1] INFO  o.s.w.s.m.m.a.RequestMappingHandlerMapping - Mapped "{[/requeststatus],methods=[GET],params=[],headers=[],consumes=[],produces=[],custom=[]}" onto public void com.spring.mvc.mini.web.RequestStatusController.handleObjectClassForm(org.springframework.ui.Model)
2016/08/16 16:39:38 [localhost-startStop-1] INFO  o.s.w.s.m.m.a.RequestMappingHandlerMapping - Mapped "{[/requeststatus],methods=[GET],params=[mocrid],headers=[],consumes=[],produces=[],custom=[]}" onto public void com.spring.mvc.mini.web.RequestStatusController.enrichObjectClassFormWithParam(java.lang.String,org.springframework.ui.Model)
2016/08/16 16:39:38 [localhost-startStop-1] INFO  o.s.w.s.m.m.a.RequestMappingHandlerMapping - Mapped "{[/userinfoform],methods=[POST],params=[],headers=[],consumes=[],produces=[],custom=[]}" onto public java.lang.String com.spring.mvc.mini.web.UserInfoFormController.submit(com.spring.mvc.mini.pojo.UserInfo,boolean,org.springframework.ui.Model,org.springframework.web.servlet.mvc.support.RedirectAttributes)
2016/08/16 16:39:38 [localhost-startStop-1] INFO  o.s.w.s.m.m.a.RequestMappingHandlerMapping - Mapped "{[/userinfoform],methods=[GET],params=[],headers=[],consumes=[],produces=[],custom=[]}" onto public void com.spring.mvc.mini.web.UserInfoFormController.userinfoForm()
2016/08/16 16:39:38 [localhost-startStop-1] INFO  org.hibernate.validator.util.Version - Hibernate Validator 4.1.0.Final
2016/08/16 16:39:38 [localhost-startStop-1] INFO  o.s.w.s.m.m.a.RequestMappingHandlerAdapter - Looking for @ControllerAdvice: WebApplicationContext for namespace 'appServlet-servlet': startup date [Tue Aug 16 16:39:36 PDT 2016]; parent: Root WebApplicationContext
2016/08/16 16:39:39 [localhost-startStop-1] INFO  o.s.w.s.m.m.a.RequestMappingHandlerAdapter - Looking for @ControllerAdvice: WebApplicationContext for namespace 'appServlet-servlet': startup date [Tue Aug 16 16:39:36 PDT 2016]; parent: Root WebApplicationContext
2016/08/16 16:39:39 [localhost-startStop-1] INFO  o.s.w.s.h.SimpleUrlHandlerMapping - Mapped URL path [/resources/**] onto handler 'org.springframework.web.servlet.resource.ResourceHttpRequestHandler#0'
2016/08/16 16:39:39 [localhost-startStop-1] INFO  o.s.w.s.h.SimpleUrlHandlerMapping - Root mapping to handler of type [class org.springframework.web.servlet.mvc.ParameterizableViewController]
2016/08/16 16:39:39 [localhost-startStop-1] INFO  o.s.web.servlet.DispatcherServlet - FrameworkServlet 'appServlet': initialization completed in 2483 ms
2016/08/16 16:41:21 [http-bio-8080-exec-7] INFO  c.s.mvc.mini.xml.ObjectClassXMLPaser - Start to checkout
2016/08/16 16:41:21 [http-bio-8080-exec-9] INFO  c.s.mvc.mini.xml.ObjectClassXMLPaser - Start to checkout
2016/08/16 16:41:39 [localhost-startStop-2] INFO  o.s.w.c.s.XmlWebApplicationContext - Closing WebApplicationContext for namespace 'appServlet-servlet': startup date [Tue Aug 16 16:39:36 PDT 2016]; parent: Root WebApplicationContext
2016/08/16 16:41:39 [localhost-startStop-2] INFO  o.s.w.c.s.XmlWebApplicationContext - Closing Root WebApplicationContext: startup date [Tue Aug 16 16:39:36 PDT 2016]; root of context hierarchy
2016/08/16 17:15:22 [localhost-startStop-1] INFO  o.s.web.context.ContextLoader - Root WebApplicationContext: initialization started
2016/08/16 17:15:22 [localhost-startStop-1] INFO  o.s.w.c.s.XmlWebApplicationContext - Refreshing Root WebApplicationContext: startup date [Tue Aug 16 17:15:22 PDT 2016]; root of context hierarchy
2016/08/16 17:15:23 [localhost-startStop-1] INFO  o.s.b.f.xml.XmlBeanDefinitionReader - Loading XML bean definitions from ServletContext resource [/WEB-INF/spring/root-context.xml]
2016/08/16 17:15:23 [localhost-startStop-1] INFO  o.s.web.context.ContextLoader - Root WebApplicationContext: initialization completed in 474 ms
2016/08/16 17:15:23 [localhost-startStop-1] INFO  o.s.web.servlet.DispatcherServlet - FrameworkServlet 'appServlet': initialization started
2016/08/16 17:15:23 [localhost-startStop-1] INFO  o.s.w.c.s.XmlWebApplicationContext - Refreshing WebApplicationContext for namespace 'appServlet-servlet': startup date [Tue Aug 16 17:15:23 PDT 2016]; parent: Root WebApplicationContext
2016/08/16 17:15:23 [localhost-startStop-1] INFO  o.s.b.f.xml.XmlBeanDefinitionReader - Loading XML bean definitions from ServletContext resource [/WEB-INF/spring/appServlet/servlet-context.xml]
2016/08/16 17:15:23 [localhost-startStop-1] INFO  o.s.b.f.xml.XmlBeanDefinitionReader - Loading XML bean definitions from ServletContext resource [/WEB-INF/spring/appServlet/controllers.xml]
2016/08/16 17:15:23 [localhost-startStop-1] INFO  o.s.b.f.xml.XmlBeanDefinitionReader - Loading XML bean definitions from ServletContext resource [/WEB-INF/spring/appServlet/application-context.xml]
2016/08/16 17:15:24 [localhost-startStop-1] INFO  o.s.b.f.c.PropertyPlaceholderConfigurer - Loading properties file from URL [file:resources/application.properties]
2016/08/16 17:15:24 [localhost-startStop-1] INFO  o.s.b.f.a.AutowiredAnnotationBeanPostProcessor - JSR-330 'javax.inject.Inject' annotation found and supported for autowiring
2016/08/16 17:15:24 [localhost-startStop-1] WARN  o.s.w.c.s.XmlWebApplicationContext - Exception encountered during context initialization - cancelling refresh attempt
org.springframework.beans.factory.BeanCreationException: Error creating bean with name 'objectClassDataValidator': Injection of autowired dependencies failed; nested exception is org.springframework.beans.factory.BeanCreationException: Could not autowire field: private com.spring.mvc.mini.xml.ObjectClassXMLPaser com.spring.mvc.mini.validation.ObjectClassDataValidator.objectClassXMLPaser; nested exception is org.springframework.beans.factory.CannotLoadBeanClassException: Cannot find class [com.spring.mvc.mini.schedule.ScheduleFileUpdator] for bean with name 'schedulingTest' defined in ServletContext resource [/WEB-INF/spring/appServlet/application-context.xml]; nested exception is java.lang.ClassNotFoundException: com.spring.mvc.mini.schedule.ScheduleFileUpdator
	at org.springframework.beans.factory.annotation.AutowiredAnnotationBeanPostProcessor.postProcessPropertyValues(AutowiredAnnotationBeanPostProcessor.java:334) ~[spring-beans-4.1.6.RELEASE.jar:4.1.6.RELEASE]
	at org.springframework.beans.factory.support.AbstractAutowireCapableBeanFactory.populateBean(AbstractAutowireCapableBeanFactory.java:1210) ~[spring-beans-4.1.6.RELEASE.jar:4.1.6.RELEASE]
	at org.springframework.beans.factory.support.AbstractAutowireCapableBeanFactory.doCreateBean(AbstractAutowireCapableBeanFactory.java:537) ~[spring-beans-4.1.6.RELEASE.jar:4.1.6.RELEASE]
	at org.springframework.beans.factory.support.AbstractAutowireCapableBeanFactory.createBean(AbstractAutowireCapableBeanFactory.java:476) ~[spring-beans-4.1.6.RELEASE.jar:4.1.6.RELEASE]
	at org.springframework.beans.factory.support.AbstractBeanFactory$1.getObject(AbstractBeanFactory.java:303) ~[spring-beans-4.1.6.RELEASE.jar:4.1.6.RELEASE]
	at org.springframework.beans.factory.support.DefaultSingletonBeanRegistry.getSingleton(DefaultSingletonBeanRegistry.java:230) ~[spring-beans-4.1.6.RELEASE.jar:4.1.6.RELEASE]
	at org.springframework.beans.factory.support.AbstractBeanFactory.doGetBean(AbstractBeanFactory.java:299) ~[spring-beans-4.1.6.RELEASE.jar:4.1.6.RELEASE]
	at org.springframework.beans.factory.support.AbstractBeanFactory.getBean(AbstractBeanFactory.java:194) ~[spring-beans-4.1.6.RELEASE.jar:4.1.6.RELEASE]
	at org.springframework.beans.factory.support.DefaultListableBeanFactory.preInstantiateSingletons(DefaultListableBeanFactory.java:755) ~[spring-beans-4.1.6.RELEASE.jar:4.1.6.RELEASE]
	at org.springframework.context.support.AbstractApplicationContext.finishBeanFactoryInitialization(AbstractApplicationContext.java:757) ~[spring-context-4.1.6.RELEASE.jar:4.1.6.RELEASE]
	at org.springframework.context.support.AbstractApplicationContext.refresh(AbstractApplicationContext.java:480) ~[spring-context-4.1.6.RELEASE.jar:4.1.6.RELEASE]
	at org.springframework.web.servlet.FrameworkServlet.configureAndRefreshWebApplicationContext(FrameworkServlet.java:663) [spring-webmvc-4.1.6.RELEASE.jar:4.1.6.RELEASE]
	at org.springframework.web.servlet.FrameworkServlet.createWebApplicationContext(FrameworkServlet.java:629) [spring-webmvc-4.1.6.RELEASE.jar:4.1.6.RELEASE]
	at org.springframework.web.servlet.FrameworkServlet.createWebApplicationContext(FrameworkServlet.java:677) [spring-webmvc-4.1.6.RELEASE.jar:4.1.6.RELEASE]
	at org.springframework.web.servlet.FrameworkServlet.initWebApplicationContext(FrameworkServlet.java:548) [spring-webmvc-4.1.6.RELEASE.jar:4.1.6.RELEASE]
	at org.springframework.web.servlet.FrameworkServlet.initServletBean(FrameworkServlet.java:489) [spring-webmvc-4.1.6.RELEASE.jar:4.1.6.RELEASE]
	at org.springframework.web.servlet.HttpServletBean.init(HttpServletBean.java:136) [spring-webmvc-4.1.6.RELEASE.jar:4.1.6.RELEASE]
	at javax.servlet.GenericServlet.init(GenericServlet.java:160) [tomcat-embed-core-7.0.47.jar:7.0.47]
	at org.apache.catalina.core.StandardWrapper.initServlet(StandardWrapper.java:1280) [tomcat-embed-core-7.0.47.jar:7.0.47]
	at org.apache.catalina.core.StandardWrapper.loadServlet(StandardWrapper.java:1193) [tomcat-embed-core-7.0.47.jar:7.0.47]
	at org.apache.catalina.core.StandardWrapper.load(StandardWrapper.java:1088) [tomcat-embed-core-7.0.47.jar:7.0.47]
	at org.apache.catalina.core.StandardContext.loadOnStartup(StandardContext.java:5176) [tomcat-embed-core-7.0.47.jar:7.0.47]
	at org.apache.catalina.core.StandardContext.startInternal(StandardContext.java:5460) [tomcat-embed-core-7.0.47.jar:7.0.47]
	at org.apache.catalina.util.LifecycleBase.start(LifecycleBase.java:150) [tomcat-embed-core-7.0.47.jar:7.0.47]
	at org.apache.catalina.core.ContainerBase$StartChild.call(ContainerBase.java:1559) [tomcat-embed-core-7.0.47.jar:7.0.47]
	at org.apache.catalina.core.ContainerBase$StartChild.call(ContainerBase.java:1549) [tomcat-embed-core-7.0.47.jar:7.0.47]
	at java.util.concurrent.FutureTask.run(FutureTask.java:262) [na:1.7.0_75]
	at java.util.concurrent.ThreadPoolExecutor.runWorker(ThreadPoolExecutor.java:1145) [na:1.7.0_75]
	at java.util.concurrent.ThreadPoolExecutor$Worker.run(ThreadPoolExecutor.java:615) [na:1.7.0_75]
	at java.lang.Thread.run(Thread.java:745) [na:1.7.0_75]
Caused by: org.springframework.beans.factory.BeanCreationException: Could not autowire field: private com.spring.mvc.mini.xml.ObjectClassXMLPaser com.spring.mvc.mini.validation.ObjectClassDataValidator.objectClassXMLPaser; nested exception is org.springframework.beans.factory.CannotLoadBeanClassException: Cannot find class [com.spring.mvc.mini.schedule.ScheduleFileUpdator] for bean with name 'schedulingTest' defined in ServletContext resource [/WEB-INF/spring/appServlet/application-context.xml]; nested exception is java.lang.ClassNotFoundException: com.spring.mvc.mini.schedule.ScheduleFileUpdator
	at org.springframework.beans.factory.annotation.AutowiredAnnotationBeanPostProcessor$AutowiredFieldElement.inject(AutowiredAnnotationBeanPostProcessor.java:561) ~[spring-beans-4.1.6.RELEASE.jar:4.1.6.RELEASE]
	at org.springframework.beans.factory.annotation.InjectionMetadata.inject(InjectionMetadata.java:88) ~[spring-beans-4.1.6.RELEASE.jar:4.1.6.RELEASE]
	at org.springframework.beans.factory.annotation.AutowiredAnnotationBeanPostProcessor.postProcessPropertyValues(AutowiredAnnotationBeanPostProcessor.java:331) ~[spring-beans-4.1.6.RELEASE.jar:4.1.6.RELEASE]
	... 29 common frames omitted
Caused by: org.springframework.beans.factory.CannotLoadBeanClassException: Cannot find class [com.spring.mvc.mini.schedule.ScheduleFileUpdator] for bean with name 'schedulingTest' defined in ServletContext resource [/WEB-INF/spring/appServlet/application-context.xml]; nested exception is java.lang.ClassNotFoundException: com.spring.mvc.mini.schedule.ScheduleFileUpdator
	at org.springframework.beans.factory.support.AbstractBeanFactory.resolveBeanClass(AbstractBeanFactory.java:1328) ~[spring-beans-4.1.6.RELEASE.jar:4.1.6.RELEASE]
	at org.springframework.beans.factory.support.AbstractAutowireCapableBeanFactory.determineTargetType(AbstractAutowireCapableBeanFactory.java:622) ~[spring-beans-4.1.6.RELEASE.jar:4.1.6.RELEASE]
	at org.springframework.beans.factory.support.AbstractAutowireCapableBeanFactory.predictBeanType(AbstractAutowireCapableBeanFactory.java:591) ~[spring-beans-4.1.6.RELEASE.jar:4.1.6.RELEASE]
	at org.springframework.beans.factory.support.AbstractBeanFactory.isFactoryBean(AbstractBeanFactory.java:1397) ~[spring-beans-4.1.6.RELEASE.jar:4.1.6.RELEASE]
	at org.springframework.beans.factory.support.DefaultListableBeanFactory.doGetBeanNamesForType(DefaultListableBeanFactory.java:434) ~[spring-beans-4.1.6.RELEASE.jar:4.1.6.RELEASE]
	at org.springframework.beans.factory.support.DefaultListableBeanFactory.getBeanNamesForType(DefaultListableBeanFactory.java:412) ~[spring-beans-4.1.6.RELEASE.jar:4.1.6.RELEASE]
	at org.springframework.beans.factory.BeanFactoryUtils.beanNamesForTypeIncludingAncestors(BeanFactoryUtils.java:186) ~[spring-beans-4.1.6.RELEASE.jar:4.1.6.RELEASE]
	at org.springframework.beans.factory.support.DefaultListableBeanFactory.findAutowireCandidates(DefaultListableBeanFactory.java:1105) ~[spring-beans-4.1.6.RELEASE.jar:4.1.6.RELEASE]
	at org.springframework.beans.factory.support.DefaultListableBeanFactory.doResolveDependency(DefaultListableBeanFactory.java:1044) ~[spring-beans-4.1.6.RELEASE.jar:4.1.6.RELEASE]
	at org.springframework.beans.factory.support.DefaultListableBeanFactory.resolveDependency(DefaultListableBeanFactory.java:942) ~[spring-beans-4.1.6.RELEASE.jar:4.1.6.RELEASE]
	at org.springframework.beans.factory.annotation.AutowiredAnnotationBeanPostProcessor$AutowiredFieldElement.inject(AutowiredAnnotationBeanPostProcessor.java:533) ~[spring-beans-4.1.6.RELEASE.jar:4.1.6.RELEASE]
	... 31 common frames omitted
Caused by: java.lang.ClassNotFoundException: com.spring.mvc.mini.schedule.ScheduleFileUpdator
	at org.apache.catalina.loader.WebappClassLoader.loadClass(WebappClassLoader.java:1702) ~[tomcat-embed-core-7.0.47.jar:7.0.47]
	at org.apache.catalina.loader.WebappClassLoader.loadClass(WebappClassLoader.java:1547) ~[tomcat-embed-core-7.0.47.jar:7.0.47]
	at org.springframework.util.ClassUtils.forName(ClassUtils.java:249) ~[spring-core-4.1.6.RELEASE.jar:4.1.6.RELEASE]
	at org.springframework.beans.factory.support.AbstractBeanDefinition.resolveBeanClass(AbstractBeanDefinition.java:395) ~[spring-beans-4.1.6.RELEASE.jar:4.1.6.RELEASE]
	at org.springframework.beans.factory.support.AbstractBeanFactory.doResolveBeanClass(AbstractBeanFactory.java:1349) ~[spring-beans-4.1.6.RELEASE.jar:4.1.6.RELEASE]
	at org.springframework.beans.factory.support.AbstractBeanFactory.resolveBeanClass(AbstractBeanFactory.java:1320) ~[spring-beans-4.1.6.RELEASE.jar:4.1.6.RELEASE]
	... 41 common frames omitted
2016/08/16 17:15:24 [localhost-startStop-1] ERROR o.s.web.servlet.DispatcherServlet - Context initialization failed
org.springframework.beans.factory.BeanCreationException: Error creating bean with name 'objectClassDataValidator': Injection of autowired dependencies failed; nested exception is org.springframework.beans.factory.BeanCreationException: Could not autowire field: private com.spring.mvc.mini.xml.ObjectClassXMLPaser com.spring.mvc.mini.validation.ObjectClassDataValidator.objectClassXMLPaser; nested exception is org.springframework.beans.factory.CannotLoadBeanClassException: Cannot find class [com.spring.mvc.mini.schedule.ScheduleFileUpdator] for bean with name 'schedulingTest' defined in ServletContext resource [/WEB-INF/spring/appServlet/application-context.xml]; nested exception is java.lang.ClassNotFoundException: com.spring.mvc.mini.schedule.ScheduleFileUpdator
	at org.springframework.beans.factory.annotation.AutowiredAnnotationBeanPostProcessor.postProcessPropertyValues(AutowiredAnnotationBeanPostProcessor.java:334) ~[spring-beans-4.1.6.RELEASE.jar:4.1.6.RELEASE]
	at org.springframework.beans.factory.support.AbstractAutowireCapableBeanFactory.populateBean(AbstractAutowireCapableBeanFactory.java:1210) ~[spring-beans-4.1.6.RELEASE.jar:4.1.6.RELEASE]
	at org.springframework.beans.factory.support.AbstractAutowireCapableBeanFactory.doCreateBean(AbstractAutowireCapableBeanFactory.java:537) ~[spring-beans-4.1.6.RELEASE.jar:4.1.6.RELEASE]
	at org.springframework.beans.factory.support.AbstractAutowireCapableBeanFactory.createBean(AbstractAutowireCapableBeanFactory.java:476) ~[spring-beans-4.1.6.RELEASE.jar:4.1.6.RELEASE]
	at org.springframework.beans.factory.support.AbstractBeanFactory$1.getObject(AbstractBeanFactory.java:303) ~[spring-beans-4.1.6.RELEASE.jar:4.1.6.RELEASE]
	at org.springframework.beans.factory.support.DefaultSingletonBeanRegistry.getSingleton(DefaultSingletonBeanRegistry.java:230) ~[spring-beans-4.1.6.RELEASE.jar:4.1.6.RELEASE]
	at org.springframework.beans.factory.support.AbstractBeanFactory.doGetBean(AbstractBeanFactory.java:299) ~[spring-beans-4.1.6.RELEASE.jar:4.1.6.RELEASE]
	at org.springframework.beans.factory.support.AbstractBeanFactory.getBean(AbstractBeanFactory.java:194) ~[spring-beans-4.1.6.RELEASE.jar:4.1.6.RELEASE]
	at org.springframework.beans.factory.support.DefaultListableBeanFactory.preInstantiateSingletons(DefaultListableBeanFactory.java:755) ~[spring-beans-4.1.6.RELEASE.jar:4.1.6.RELEASE]
	at org.springframework.context.support.AbstractApplicationContext.finishBeanFactoryInitialization(AbstractApplicationContext.java:757) ~[spring-context-4.1.6.RELEASE.jar:4.1.6.RELEASE]
	at org.springframework.context.support.AbstractApplicationContext.refresh(AbstractApplicationContext.java:480) ~[spring-context-4.1.6.RELEASE.jar:4.1.6.RELEASE]
	at org.springframework.web.servlet.FrameworkServlet.configureAndRefreshWebApplicationContext(FrameworkServlet.java:663) ~[spring-webmvc-4.1.6.RELEASE.jar:4.1.6.RELEASE]
	at org.springframework.web.servlet.FrameworkServlet.createWebApplicationContext(FrameworkServlet.java:629) ~[spring-webmvc-4.1.6.RELEASE.jar:4.1.6.RELEASE]
	at org.springframework.web.servlet.FrameworkServlet.createWebApplicationContext(FrameworkServlet.java:677) ~[spring-webmvc-4.1.6.RELEASE.jar:4.1.6.RELEASE]
	at org.springframework.web.servlet.FrameworkServlet.initWebApplicationContext(FrameworkServlet.java:548) ~[spring-webmvc-4.1.6.RELEASE.jar:4.1.6.RELEASE]
	at org.springframework.web.servlet.FrameworkServlet.initServletBean(FrameworkServlet.java:489) ~[spring-webmvc-4.1.6.RELEASE.jar:4.1.6.RELEASE]
	at org.springframework.web.servlet.HttpServletBean.init(HttpServletBean.java:136) [spring-webmvc-4.1.6.RELEASE.jar:4.1.6.RELEASE]
	at javax.servlet.GenericServlet.init(GenericServlet.java:160) [tomcat-embed-core-7.0.47.jar:7.0.47]
	at org.apache.catalina.core.StandardWrapper.initServlet(StandardWrapper.java:1280) [tomcat-embed-core-7.0.47.jar:7.0.47]
	at org.apache.catalina.core.StandardWrapper.loadServlet(StandardWrapper.java:1193) [tomcat-embed-core-7.0.47.jar:7.0.47]
	at org.apache.catalina.core.StandardWrapper.load(StandardWrapper.java:1088) [tomcat-embed-core-7.0.47.jar:7.0.47]
	at org.apache.catalina.core.StandardContext.loadOnStartup(StandardContext.java:5176) [tomcat-embed-core-7.0.47.jar:7.0.47]
	at org.apache.catalina.core.StandardContext.startInternal(StandardContext.java:5460) [tomcat-embed-core-7.0.47.jar:7.0.47]
	at org.apache.catalina.util.LifecycleBase.start(LifecycleBase.java:150) [tomcat-embed-core-7.0.47.jar:7.0.47]
	at org.apache.catalina.core.ContainerBase$StartChild.call(ContainerBase.java:1559) [tomcat-embed-core-7.0.47.jar:7.0.47]
	at org.apache.catalina.core.ContainerBase$StartChild.call(ContainerBase.java:1549) [tomcat-embed-core-7.0.47.jar:7.0.47]
	at java.util.concurrent.FutureTask.run(FutureTask.java:262) [na:1.7.0_75]
	at java.util.concurrent.ThreadPoolExecutor.runWorker(ThreadPoolExecutor.java:1145) [na:1.7.0_75]
	at java.util.concurrent.ThreadPoolExecutor$Worker.run(ThreadPoolExecutor.java:615) [na:1.7.0_75]
	at java.lang.Thread.run(Thread.java:745) [na:1.7.0_75]
Caused by: org.springframework.beans.factory.BeanCreationException: Could not autowire field: private com.spring.mvc.mini.xml.ObjectClassXMLPaser com.spring.mvc.mini.validation.ObjectClassDataValidator.objectClassXMLPaser; nested exception is org.springframework.beans.factory.CannotLoadBeanClassException: Cannot find class [com.spring.mvc.mini.schedule.ScheduleFileUpdator] for bean with name 'schedulingTest' defined in ServletContext resource [/WEB-INF/spring/appServlet/application-context.xml]; nested exception is java.lang.ClassNotFoundException: com.spring.mvc.mini.schedule.ScheduleFileUpdator
	at org.springframework.beans.factory.annotation.AutowiredAnnotationBeanPostProcessor$AutowiredFieldElement.inject(AutowiredAnnotationBeanPostProcessor.java:561) ~[spring-beans-4.1.6.RELEASE.jar:4.1.6.RELEASE]
	at org.springframework.beans.factory.annotation.InjectionMetadata.inject(InjectionMetadata.java:88) ~[spring-beans-4.1.6.RELEASE.jar:4.1.6.RELEASE]
	at org.springframework.beans.factory.annotation.AutowiredAnnotationBeanPostProcessor.postProcessPropertyValues(AutowiredAnnotationBeanPostProcessor.java:331) ~[spring-beans-4.1.6.RELEASE.jar:4.1.6.RELEASE]
	... 29 common frames omitted
Caused by: org.springframework.beans.factory.CannotLoadBeanClassException: Cannot find class [com.spring.mvc.mini.schedule.ScheduleFileUpdator] for bean with name 'schedulingTest' defined in ServletContext resource [/WEB-INF/spring/appServlet/application-context.xml]; nested exception is java.lang.ClassNotFoundException: com.spring.mvc.mini.schedule.ScheduleFileUpdator
	at org.springframework.beans.factory.support.AbstractBeanFactory.resolveBeanClass(AbstractBeanFactory.java:1328) ~[spring-beans-4.1.6.RELEASE.jar:4.1.6.RELEASE]
	at org.springframework.beans.factory.support.AbstractAutowireCapableBeanFactory.determineTargetType(AbstractAutowireCapableBeanFactory.java:622) ~[spring-beans-4.1.6.RELEASE.jar:4.1.6.RELEASE]
	at org.springframework.beans.factory.support.AbstractAutowireCapableBeanFactory.predictBeanType(AbstractAutowireCapableBeanFactory.java:591) ~[spring-beans-4.1.6.RELEASE.jar:4.1.6.RELEASE]
	at org.springframework.beans.factory.support.AbstractBeanFactory.isFactoryBean(AbstractBeanFactory.java:1397) ~[spring-beans-4.1.6.RELEASE.jar:4.1.6.RELEASE]
	at org.springframework.beans.factory.support.DefaultListableBeanFactory.doGetBeanNamesForType(DefaultListableBeanFactory.java:434) ~[spring-beans-4.1.6.RELEASE.jar:4.1.6.RELEASE]
	at org.springframework.beans.factory.support.DefaultListableBeanFactory.getBeanNamesForType(DefaultListableBeanFactory.java:412) ~[spring-beans-4.1.6.RELEASE.jar:4.1.6.RELEASE]
	at org.springframework.beans.factory.BeanFactoryUtils.beanNamesForTypeIncludingAncestors(BeanFactoryUtils.java:186) ~[spring-beans-4.1.6.RELEASE.jar:4.1.6.RELEASE]
	at org.springframework.beans.factory.support.DefaultListableBeanFactory.findAutowireCandidates(DefaultListableBeanFactory.java:1105) ~[spring-beans-4.1.6.RELEASE.jar:4.1.6.RELEASE]
	at org.springframework.beans.factory.support.DefaultListableBeanFactory.doResolveDependency(DefaultListableBeanFactory.java:1044) ~[spring-beans-4.1.6.RELEASE.jar:4.1.6.RELEASE]
	at org.springframework.beans.factory.support.DefaultListableBeanFactory.resolveDependency(DefaultListableBeanFactory.java:942) ~[spring-beans-4.1.6.RELEASE.jar:4.1.6.RELEASE]
	at org.springframework.beans.factory.annotation.AutowiredAnnotationBeanPostProcessor$AutowiredFieldElement.inject(AutowiredAnnotationBeanPostProcessor.java:533) ~[spring-beans-4.1.6.RELEASE.jar:4.1.6.RELEASE]
	... 31 common frames omitted
Caused by: java.lang.ClassNotFoundException: com.spring.mvc.mini.schedule.ScheduleFileUpdator
	at org.apache.catalina.loader.WebappClassLoader.loadClass(WebappClassLoader.java:1702) ~[tomcat-embed-core-7.0.47.jar:7.0.47]
	at org.apache.catalina.loader.WebappClassLoader.loadClass(WebappClassLoader.java:1547) ~[tomcat-embed-core-7.0.47.jar:7.0.47]
	at org.springframework.util.ClassUtils.forName(ClassUtils.java:249) ~[spring-core-4.1.6.RELEASE.jar:4.1.6.RELEASE]
	at org.springframework.beans.factory.support.AbstractBeanDefinition.resolveBeanClass(AbstractBeanDefinition.java:395) ~[spring-beans-4.1.6.RELEASE.jar:4.1.6.RELEASE]
	at org.springframework.beans.factory.support.AbstractBeanFactory.doResolveBeanClass(AbstractBeanFactory.java:1349) ~[spring-beans-4.1.6.RELEASE.jar:4.1.6.RELEASE]
	at org.springframework.beans.factory.support.AbstractBeanFactory.resolveBeanClass(AbstractBeanFactory.java:1320) ~[spring-beans-4.1.6.RELEASE.jar:4.1.6.RELEASE]
	... 41 common frames omitted
2016/08/16 17:23:29 [localhost-startStop-2] INFO  o.s.w.c.s.XmlWebApplicationContext - Closing Root WebApplicationContext: startup date [Tue Aug 16 17:15:22 PDT 2016]; root of context hierarchy
2016/08/16 17:24:42 [localhost-startStop-1] INFO  o.s.web.context.ContextLoader - Root WebApplicationContext: initialization started
2016/08/16 17:24:42 [localhost-startStop-1] INFO  o.s.w.c.s.XmlWebApplicationContext - Refreshing Root WebApplicationContext: startup date [Tue Aug 16 17:24:42 PDT 2016]; root of context hierarchy
2016/08/16 17:24:42 [localhost-startStop-1] INFO  o.s.b.f.xml.XmlBeanDefinitionReader - Loading XML bean definitions from ServletContext resource [/WEB-INF/spring/root-context.xml]
2016/08/16 17:24:43 [localhost-startStop-1] INFO  o.s.web.context.ContextLoader - Root WebApplicationContext: initialization completed in 418 ms
2016/08/16 17:24:43 [localhost-startStop-1] INFO  o.s.web.servlet.DispatcherServlet - FrameworkServlet 'appServlet': initialization started
2016/08/16 17:24:43 [localhost-startStop-1] INFO  o.s.w.c.s.XmlWebApplicationContext - Refreshing WebApplicationContext for namespace 'appServlet-servlet': startup date [Tue Aug 16 17:24:43 PDT 2016]; parent: Root WebApplicationContext
2016/08/16 17:24:43 [localhost-startStop-1] INFO  o.s.b.f.xml.XmlBeanDefinitionReader - Loading XML bean definitions from ServletContext resource [/WEB-INF/spring/appServlet/servlet-context.xml]
2016/08/16 17:24:43 [localhost-startStop-1] INFO  o.s.b.f.xml.XmlBeanDefinitionReader - Loading XML bean definitions from ServletContext resource [/WEB-INF/spring/appServlet/controllers.xml]
2016/08/16 17:24:44 [localhost-startStop-1] INFO  o.s.b.f.c.PropertyPlaceholderConfigurer - Loading properties file from URL [file:resources/application.properties]
2016/08/16 17:24:44 [localhost-startStop-1] INFO  o.s.b.f.a.AutowiredAnnotationBeanPostProcessor - JSR-330 'javax.inject.Inject' annotation found and supported for autowiring
2016/08/16 17:24:44 [localhost-startStop-1] INFO  o.s.w.s.m.m.a.RequestMappingHandlerMapping - Mapped "{[/objectClasses],methods=[POST],params=[],headers=[],consumes=[],produces=[],custom=[]}" onto public java.lang.String com.spring.mvc.mini.web.ObjectClassesController.submit(org.springframework.ui.Model,java.lang.String,org.springframework.beans.support.PagedListHolder<java.util.ArrayList<com.spring.mvc.mini.pojo.ObjectClass>>,boolean,org.springframework.web.servlet.mvc.support.RedirectAttributes)
2016/08/16 17:24:44 [localhost-startStop-1] INFO  o.s.w.s.m.m.a.RequestMappingHandlerMapping - Mapped "{[/objectClasses],methods=[GET],params=[],headers=[],consumes=[],produces=[],custom=[]}" onto public java.lang.String com.spring.mvc.mini.web.ObjectClassesController.enrichobjectClassesType(org.springframework.ui.Model,java.lang.String)
2016/08/16 17:24:44 [localhost-startStop-1] INFO  o.s.w.s.m.m.a.RequestMappingHandlerMapping - Mapped "{[/objectClasses],methods=[GET],params=[jumppage],headers=[],consumes=[],produces=[],custom=[]}" onto public java.lang.String com.spring.mvc.mini.web.ObjectClassesController.handleObjectClassPagination(org.springframework.ui.Model,java.lang.String,org.springframework.beans.support.PagedListHolder<java.util.ArrayList<com.spring.mvc.mini.pojo.ObjectClass>>)
2016/08/16 17:24:44 [localhost-startStop-1] INFO  o.s.w.s.m.m.a.RequestMappingHandlerMapping - Mapped "{[/objectClasses],methods=[GET],params=[searchcritical],headers=[],consumes=[],produces=[],custom=[]}" onto public java.lang.String com.spring.mvc.mini.web.ObjectClassesController.searchObjectClass(org.springframework.ui.Model,java.lang.String)
2016/08/16 17:24:44 [localhost-startStop-1] INFO  o.s.w.s.m.m.a.RequestMappingHandlerMapping - Mapped "{[/objectclassform],methods=[GET],params=[],headers=[],consumes=[],produces=[],custom=[]}" onto public void com.spring.mvc.mini.web.ObjectClassFormController.handleObjectClassForm(org.springframework.ui.Model,com.spring.mvc.mini.pojo.UserInfo,java.lang.String)
2016/08/16 17:24:44 [localhost-startStop-1] INFO  o.s.w.s.m.m.a.RequestMappingHandlerMapping - Mapped "{[/objectclassform],methods=[POST],params=[objclscount],headers=[],consumes=[],produces=[],custom=[]}" onto public void com.spring.mvc.mini.web.ObjectClassFormController.handleObjectClassFormWithParam(com.spring.mvc.mini.pojo.ObjectClassesType,com.spring.mvc.mini.pojo.UserInfo,java.lang.String,java.lang.String,org.springframework.ui.Model)
2016/08/16 17:24:44 [localhost-startStop-1] INFO  o.s.w.s.m.m.a.RequestMappingHandlerMapping - Mapped "{[/objectclassform],methods=[POST],params=[],headers=[],consumes=[],produces=[],custom=[]}" onto public java.lang.String com.spring.mvc.mini.web.ObjectClassFormController.handleSubmit(com.spring.mvc.mini.pojo.ObjectClassesType,com.spring.mvc.mini.pojo.UserInfo,java.lang.String,boolean,org.springframework.ui.Model,org.springframework.web.servlet.mvc.support.RedirectAttributes)
2016/08/16 17:24:44 [localhost-startStop-1] INFO  o.s.w.s.m.m.a.RequestMappingHandlerMapping - Mapped "{[/objectclassxml],methods=[GET],params=[],headers=[],consumes=[],produces=[],custom=[]}" onto public org.springframework.http.HttpEntity<[B> com.spring.mvc.mini.web.ObjectClassXmlController.getObjectClassesXml(org.springframework.ui.ModelMap,javax.servlet.http.HttpServletResponse)
2016/08/16 17:24:44 [localhost-startStop-1] INFO  o.s.w.s.m.m.a.RequestMappingHandlerMapping - Mapped "{[/requeststatus],methods=[POST],params=[],headers=[],consumes=[],produces=[],custom=[]}" onto public java.lang.String com.spring.mvc.mini.web.RequestStatusController.submit(com.spring.mvc.mini.pojo.RequestStatus,boolean,org.springframework.ui.Model,org.springframework.web.servlet.mvc.support.RedirectAttributes)
2016/08/16 17:24:44 [localhost-startStop-1] INFO  o.s.w.s.m.m.a.RequestMappingHandlerMapping - Mapped "{[/requeststatus],methods=[GET],params=[],headers=[],consumes=[],produces=[],custom=[]}" onto public void com.spring.mvc.mini.web.RequestStatusController.handleObjectClassForm(org.springframework.ui.Model)
2016/08/16 17:24:44 [localhost-startStop-1] INFO  o.s.w.s.m.m.a.RequestMappingHandlerMapping - Mapped "{[/requeststatus],methods=[GET],params=[mocrid],headers=[],consumes=[],produces=[],custom=[]}" onto public void com.spring.mvc.mini.web.RequestStatusController.enrichObjectClassFormWithParam(java.lang.String,org.springframework.ui.Model)
2016/08/16 17:24:44 [localhost-startStop-1] INFO  o.s.w.s.m.m.a.RequestMappingHandlerMapping - Mapped "{[/userinfoform],methods=[POST],params=[],headers=[],consumes=[],produces=[],custom=[]}" onto public java.lang.String com.spring.mvc.mini.web.UserInfoFormController.submit(com.spring.mvc.mini.pojo.UserInfo,boolean,org.springframework.ui.Model,org.springframework.web.servlet.mvc.support.RedirectAttributes)
2016/08/16 17:24:44 [localhost-startStop-1] INFO  o.s.w.s.m.m.a.RequestMappingHandlerMapping - Mapped "{[/userinfoform],methods=[GET],params=[],headers=[],consumes=[],produces=[],custom=[]}" onto public void com.spring.mvc.mini.web.UserInfoFormController.userinfoForm()
2016/08/16 17:24:44 [localhost-startStop-1] INFO  org.hibernate.validator.util.Version - Hibernate Validator 4.1.0.Final
2016/08/16 17:24:45 [localhost-startStop-1] INFO  o.s.w.s.m.m.a.RequestMappingHandlerAdapter - Looking for @ControllerAdvice: WebApplicationContext for namespace 'appServlet-servlet': startup date [Tue Aug 16 17:24:43 PDT 2016]; parent: Root WebApplicationContext
2016/08/16 17:24:46 [localhost-startStop-1] INFO  o.s.w.s.m.m.a.RequestMappingHandlerAdapter - Looking for @ControllerAdvice: WebApplicationContext for namespace 'appServlet-servlet': startup date [Tue Aug 16 17:24:43 PDT 2016]; parent: Root WebApplicationContext
2016/08/16 17:24:46 [localhost-startStop-1] INFO  o.s.w.s.h.SimpleUrlHandlerMapping - Mapped URL path [/resources/**] onto handler 'org.springframework.web.servlet.resource.ResourceHttpRequestHandler#0'
2016/08/16 17:24:46 [localhost-startStop-1] INFO  o.s.w.s.h.SimpleUrlHandlerMapping - Root mapping to handler of type [class org.springframework.web.servlet.mvc.ParameterizableViewController]
2016/08/16 17:24:46 [localhost-startStop-1] INFO  o.s.web.servlet.DispatcherServlet - FrameworkServlet 'appServlet': initialization completed in 3001 ms
2016/08/16 17:24:56 [http-bio-8080-exec-1] INFO  c.s.mvc.mini.xml.ObjectClassXMLPaser - Start to checkout
2016/08/16 17:24:57 [http-bio-8080-exec-5] INFO  c.s.mvc.mini.xml.ObjectClassXMLPaser - Start to checkout
2016/08/16 21:03:32 [localhost-startStop-2] INFO  o.s.w.c.s.XmlWebApplicationContext - Closing WebApplicationContext for namespace 'appServlet-servlet': startup date [Tue Aug 16 17:24:43 PDT 2016]; parent: Root WebApplicationContext
2016/08/16 21:03:32 [localhost-startStop-2] INFO  o.s.w.c.s.XmlWebApplicationContext - Closing Root WebApplicationContext: startup date [Tue Aug 16 17:24:42 PDT 2016]; root of context hierarchy
