-outxml
-source
1.7
-target
1.7
-classpath
/Users/zhangnan/.m2/repository/aopalliance/aopalliance/1.0/aopalliance-1.0.jar:/Users/zhangnan/.m2/repository/asm/asm/3.3.1/asm-3.3.1.jar:/Users/zhangnan/.m2/repository/cglib/cglib/2.2.2/cglib-2.2.2.jar:/Users/zhangnan/.m2/repository/ch/qos/logback/logback-classic/1.1.3/logback-classic-1.1.3.jar:/Users/zhangnan/.m2/repository/ch/qos/logback/logback-core/1.1.3/logback-core-1.1.3.jar:/Users/zhangnan/.m2/repository/com/fasterxml/jackson/core/jackson-annotations/2.4.0/jackson-annotations-2.4.0.jar:/Users/zhangnan/.m2/repository/com/fasterxml/jackson/core/jackson-core/2.4.1/jackson-core-2.4.1.jar:/Users/zhangnan/.m2/repository/com/fasterxml/jackson/core/jackson-databind/2.4.1/jackson-databind-2.4.1.jar:/Users/zhangnan/.m2/repository/com/googlecode/javaewah/JavaEWAH/0.7.9/JavaEWAH-0.7.9.jar:/Users/zhangnan/.m2/repository/com/jcraft/jsch/0.1.51/jsch-0.1.51.jar:/Users/zhangnan/.m2/repository/com/rometools/rome/1.5.0/rome-1.5.0.jar:/Users/zhangnan/.m2/repository/com/rometools/rome-utils/1.5.0/rome-utils-1.5.0.jar:/Users/zhangnan/.m2/repository/commons-codec/commons-codec/1.4/commons-codec-1.4.jar:/Users/zhangnan/.m2/repository/commons-logging/commons-logging/1.2/commons-logging-1.2.jar:/Users/zhangnan/.m2/repository/javax/inject/javax.inject/1/javax.inject-1.jar:/Users/zhangnan/.m2/repository/javax/servlet/jsp/jsp-api/2.1/jsp-api-2.1.jar:/Users/zhangnan/.m2/repository/javax/servlet/jsp/jstl/jstl-api/1.2/jstl-api-1.2.jar:/Users/zhangnan/.m2/repository/javax/validation/validation-api/1.0.0.GA/validation-api-1.0.0.GA.jar:/Users/zhangnan/.m2/repository/joda-time/joda-time/2.3/joda-time-2.3.jar:/Users/zhangnan/.m2/repository/junit/junit/4.12/junit-4.12.jar:/Users/zhangnan/.m2/repository/org/apache/commons/commons-compress/1.6/commons-compress-1.6.jar:/Users/zhangnan/.m2/repository/org/apache/httpcomponents/httpclient/4.1.3/httpclient-4.1.3.jar:/Users/zhangnan/.m2/repository/org/apache/httpcomponents/httpcore/4.1.4/httpcore-4.1.4.jar:/Users/zhangnan/.m2/repository/org/apache/tomcat/tomcat-servlet-api/7.0.30/tomcat-servlet-api-7.0.30.jar:/Users/zhangnan/.m2/repository/org/aspectj/aspectjrt/1.8.1/aspectjrt-1.8.1.jar:/Users/zhangnan/.m2/repository/org/eclipse/jgit/org.eclipse.jgit/4.0.1.201506240215-r/org.eclipse.jgit-4.0.1.201506240215-r.jar:/Users/zhangnan/.m2/repository/org/eclipse/jgit/org.eclipse.jgit.archive/4.0.1.201506240215-r/org.eclipse.jgit.archive-4.0.1.201506240215-r.jar:/Users/zhangnan/.m2/repository/org/glassfish/web/jstl-impl/1.2/jstl-impl-1.2.jar:/Users/zhangnan/.m2/repository/org/hamcrest/hamcrest-core/1.3/hamcrest-core-1.3.jar:/Users/zhangnan/.m2/repository/org/hibernate/hibernate-validator/4.1.0.Final/hibernate-validator-4.1.0.Final.jar:/Users/zhangnan/.m2/repository/org/jasypt/jasypt/1.9.2/jasypt-1.9.2.jar:/Users/zhangnan/.m2/repository/org/jdom/jdom/2.0.2/jdom-2.0.2.jar:/Users/zhangnan/.m2/repository/org/osgi/org.osgi.core/4.3.1/org.osgi.core-4.3.1.jar:/Users/zhangnan/.m2/repository/org/slf4j/jcl-over-slf4j/1.7.12/jcl-over-slf4j-1.7.12.jar:/Users/zhangnan/.m2/repository/org/slf4j/jul-to-slf4j/1.7.12/jul-to-slf4j-1.7.12.jar:/Users/zhangnan/.m2/repository/org/slf4j/log4j-over-slf4j/1.7.12/log4j-over-slf4j-1.7.12.jar:/Users/zhangnan/.m2/repository/org/slf4j/slf4j-api/1.7.7/slf4j-api-1.7.7.jar:/Users/zhangnan/.m2/repository/org/springframework/spring-aop/4.1.6.RELEASE/spring-aop-4.1.6.RELEASE.jar:/Users/zhangnan/.m2/repository/org/springframework/spring-beans/4.1.6.RELEASE/spring-beans-4.1.6.RELEASE.jar:/Users/zhangnan/.m2/repository/org/springframework/spring-context/4.1.6.RELEASE/spring-context-4.1.6.RELEASE.jar:/Users/zhangnan/.m2/repository/org/springframework/spring-core/4.1.6.RELEASE/spring-core-4.1.6.RELEASE.jar:/Users/zhangnan/.m2/repository/org/springframework/spring-expression/4.1.6.RELEASE/spring-expression-4.1.6.RELEASE.jar:/Users/zhangnan/.m2/repository/org/springframework/spring-test/4.1.6.RELEASE/spring-test-4.1.6.RELEASE.jar:/Users/zhangnan/.m2/repository/org/springframework/spring-tx/4.1.6.RELEASE/spring-tx-4.1.6.RELEASE.jar:/Users/zhangnan/.m2/repository/org/springframework/spring-web/4.1.6.RELEASE/spring-web-4.1.6.RELEASE.jar:/Users/zhangnan/.m2/repository/org/springframework/spring-webmvc/4.1.6.RELEASE/spring-webmvc-4.1.6.RELEASE.jar:/Users/zhangnan/.m2/repository/org/springframework/boot/spring-boot/1.2.4.RELEASE/spring-boot-1.2.4.RELEASE.jar:/Users/zhangnan/.m2/repository/org/springframework/boot/spring-boot-autoconfigure/1.2.4.RELEASE/spring-boot-autoconfigure-1.2.4.RELEASE.jar:/Users/zhangnan/.m2/repository/org/springframework/boot/spring-boot-starter/1.2.4.RELEASE/spring-boot-starter-1.2.4.RELEASE.jar:/Users/zhangnan/.m2/repository/org/springframework/boot/spring-boot-starter-logging/1.2.4.RELEASE/spring-boot-starter-logging-1.2.4.RELEASE.jar:/Users/zhangnan/.m2/repository/org/springframework/security/spring-security-core/4.0.0.RELEASE/spring-security-core-4.0.0.RELEASE.jar:/Users/zhangnan/.m2/repository/org/springframework/security/spring-security-web/4.0.0.RELEASE/spring-security-web-4.0.0.RELEASE.jar:/Users/zhangnan/.m2/repository/org/tukaani/xz/1.4/xz-1.4.jar:/Users/zhangnan/.m2/repository/org/yaml/snakeyaml/1.14/snakeyaml-1.14.jar:/Users/zhangnan/Documents/NAR8_3G/git/spring-mvc-test/target/classes
-d
/Users/zhangnan/Documents/NAR8_3G/git/spring-mvc-test/target/classes
/Users/zhangnan/Documents/NAR8_3G/git/spring-mvc-test/src/main/java/org/springframework/mvc/extensions/ajax/AjaxUtils.java
/Users/zhangnan/Documents/NAR8_3G/git/spring-mvc-test/src/main/java/com/spring/mvc/mini/password/PasswordJasypter.java
/Users/zhangnan/Documents/NAR8_3G/git/spring-mvc-test/src/main/java/com/spring/mvc/mini/web/ObjectClassesController.java
/Users/zhangnan/Documents/NAR8_3G/git/spring-mvc-test/src/main/java/com/spring/mvc/mini/pojo/ObjectClassesType.java
/Users/zhangnan/Documents/NAR8_3G/git/spring-mvc-test/src/main/java/com/spring/mvc/mini/json/RequestStatusJsonParser.java
/Users/zhangnan/Documents/NAR8_3G/git/spring-mvc-test/src/main/java/com/spring/mvc/mini/pojo/ObjectClass.java
/Users/zhangnan/Documents/NAR8_3G/git/spring-mvc-test/src/main/java/com/spring/mvc/mini/pojo/RequestStatus.java
/Users/zhangnan/Documents/NAR8_3G/git/spring-mvc-test/src/main/java/com/spring/mvc/mini/pojo/RequestStatusListType.java
/Users/zhangnan/Documents/NAR8_3G/git/spring-mvc-test/src/main/java/com/spring/mvc/mini/validation/ObjectClassDataValidationException.java
/Users/zhangnan/Documents/NAR8_3G/git/spring-mvc-test/src/main/java/com/spring/mvc/mini/web/RequestStatusController.java
/Users/zhangnan/Documents/NAR8_3G/git/spring-mvc-test/src/main/java/com/spring/mvc/mini/pojo/UserInfo.java
/Users/zhangnan/Documents/NAR8_3G/git/spring-mvc-test/src/main/java/com/spring/mvc/mini/validation/ObjectClassDataValidator.java
/Users/zhangnan/Documents/NAR8_3G/git/spring-mvc-test/src/main/java/com/spring/mvc/mini/web/ObjectClassFormController.java
/Users/zhangnan/Documents/NAR8_3G/git/spring-mvc-test/src/main/java/com/spring/mvc/mini/pojo/StatusType.java
/Users/zhangnan/Documents/NAR8_3G/git/spring-mvc-test/src/main/java/com/spring/mvc/mini/web/UserInfoFormController.java
/Users/zhangnan/Documents/NAR8_3G/git/spring-mvc-test/src/main/java/com/spring/mvc/mini/xml/ObjectClassXMLPaser.java
/Users/zhangnan/Documents/NAR8_3G/git/spring-mvc-test/src/main/java/com/spring/mvc/mini/web/ObjectClassXmlController.java
